<?xml version="1.0" encoding="UTF-8"?>
<!-- Generated by org.testng.reporters.JUnitReportReporter -->
<testsuite hostname="viraj" failures="0" tests="1" name="testNg.CreateCampaignTest" time="46.433" errors="0" timestamp="2025-02-05T21:00:50 IST" skipped="0">
  <testcase classname="testNg.CreateCampaignTest" name="createCampaignTest" time="46.433"/>
</testsuite> <!-- testNg.CreateCampaignTest -->
