<?xml version="1.0" encoding="UTF-8"?>
<!-- Generated by org.testng.reporters.JUnitReportReporter -->
<testsuite hostname="viraj" failures="0" tests="1" name="testNg.CreateCampaignWithProductTest" time="74.330" errors="0" timestamp="2025-02-05T21:00:50 IST" skipped="0">
  <testcase classname="testNg.CreateCampaignWithProductTest" name="createCampaignWithProductTest" time="74.330"/>
</testsuite> <!-- testNg.CreateCampaignWithProductTest -->
